[38;5;112m[Appium][0m Welcome to Appium v2.17.1 (REV c1525439af406913034c4631d8b1a8b9c6276150)
[38;5;112m[Appium][0m Non-default server args:
[38;5;112m[Appium][0m { basePath: [32m'/wd/hub'[39m, loglevel: [32m'info'[39m, port: [33m60406[39m }
[38;5;112m[Appium][0m Attempting to load driver uiautomator2...
[38;5;112m[Appium][0m Appium REST http interface listener started on http://0.0.0.0:60406/wd/hub
[38;5;112m[Appium][0m You can provide the following URLs in your client code to connect to this server:
	http://192.168.100.12:60406/wd/hub
	http://127.0.0.1:60406/wd/hub (only accessible from the same host)
	http://172.28.192.1:60406/wd/hub
[38;5;112m[Appium][0m Available drivers:
[38;5;112m[Appium][0m   - uiautomator2@4.2.2 (automationName 'UiAutomator2')
[38;5;112m[Appium][0m No plugins have been installed. Use the "appium plugin" command to install the one(s) you want to use.
[38;5;86m[HTTP][0m [37m-->[39m [37mGET[39m [37m/wd/hub/status[39m [90m{}[39m
[38;5;86m[HTTP][0m [37m<-- GET /wd/hub/status [39m[32m200[39m [90m8 ms - 200[39m [90m[39m
[38;5;86m[HTTP][0m [37m-->[39m [37mGET[39m [37m/wd/hub/status[39m [90m{}[39m
[38;5;86m[HTTP][0m [37m<-- GET /wd/hub/status [39m[32m200[39m [90m2 ms - 200[39m [90m[39m
[38;5;86m[HTTP][0m [37m-->[39m [37mPOST[39m [37m/wd/hub/session[39m [90m{"capabilities":{"firstMatch":[{"appium:app":"C:\\KatalonProject\\EduApp\\apkdemoeduwork\\Calculator_v8.1 (403424005)_apkpure.com.apk","appium:autoGrantPermissions":true,"appium:automationName":"uiautomator2","appium:deviceName":"vivo I2216 (Android 15)","appium:fullReset":false,"appium:newCommandTimeout":1800,"appium:noReset":true,"appium:platformName":"ANDROID","appium:platformVersion":"15","appium:systemPort":60429,"appium:udid":"10DD5800J100055","platformName":"ANDROID"}]},"desiredCapabilities":{"appium:app":"C:\\KatalonProject\\EduApp\\apkdemoeduwork\\Calculator_v8.1 (403424005)_apkpure.com.apk","appium:autoGrantPermissions":true,"appium:automationName":"uiautomator2","appium:deviceName":"vivo I2216 (Android 15)","appium:fullReset":false,"appium:newCommandTimeout":1800,"appium:noReset":true,"appium:platformName":"ANDROID","appium:platformVersion":"15","appium:systemPort":60429,"appium:udid":"10DD5800J100055"}}[39m
[38;5;123m[BaseDriver][0m Ignoring capability 'appium:platformName=ANDROID' and using capability 'platformName=ANDROID'
[38;5;123m[BaseDriver][0m The capabilities ["platformName"] are standard capabilities and do not require "appium:" prefix
[38;5;112m[Appium][0m Attempting to find matching driver for automationName 'uiautomator2' and platformName 'ANDROID'
[38;5;112m[Appium][0m The 'uiautomator2' driver was installed and matched caps.
[38;5;112m[Appium][0m Will require it at C:\Users\Albar\.appium\node_modules\appium-uiautomator2-driver
[38;5;41m[AppiumDriver@a880][0m Appium v2.17.1 creating new AndroidUiautomator2Driver (v4.2.2) session
[38;5;41m[AppiumDriver@a880][0m Checking BaseDriver versions for Appium and AndroidUiautomator2Driver
[38;5;41m[AppiumDriver@a880][0m Appium's BaseDriver version is 9.16.4
[38;5;41m[AppiumDriver@a880][0m AndroidUiautomator2Driver's BaseDriver version is 9.16.4
[38;5;39m[2a48571a][0m[38;5;-89m[AndroidUiautomator2Driver@8950][0m Session created with session id: 2a48571a-5d81-4c75-bd69-17f8b8b92018
[38;5;39m[2a48571a][0m[38;5;229m[ADB][0m Found 3 'build-tools' folders under 'C:\Users\Albar\AppData\Local\Android\Sdk' (newest first):
[38;5;39m[2a48571a][0m[38;5;229m[ADB][0m     C:\Users\Albar\AppData\Local\Android\Sdk\build-tools\36.0.0
[38;5;39m[2a48571a][0m[38;5;229m[ADB][0m     C:\Users\Albar\AppData\Local\Android\Sdk\build-tools\35.0.1
[38;5;39m[2a48571a][0m[38;5;229m[ADB][0m     C:\Users\Albar\AppData\Local\Android\Sdk\build-tools\35.0.0
[38;5;39m[2a48571a][0m[38;5;229m[ADB][0m Using 'adb.exe' from 'C:\Users\Albar\AppData\Local\Android\Sdk\platform-tools\adb.exe'
[38;5;39m[2a48571a][0m[38;5;-89m[AndroidUiautomator2Driver@8950][0m Retrieving device list
[38;5;39m[2a48571a][0m[38;5;-89m[AndroidUiautomator2Driver@8950][0m Using device: 10DD5800J100055
[38;5;39m[2a48571a][0m[38;5;229m[ADB][0m Using 'adb.exe' from 'C:\Users\Albar\AppData\Local\Android\Sdk\platform-tools\adb.exe'
[38;5;39m[2a48571a][0m[38;5;123m[BaseDriver][0m Using local app 'C:\KatalonProject\EduApp\apkdemoeduwork\Calculator_v8.1 (403424005)_apkpure.com.apk'
[38;5;39m[2a48571a][0m[38;5;229m[ADB][0m Getting device platform version
[38;5;39m[2a48571a][0m[38;5;-89m[AndroidUiautomator2Driver@8950][0m Relaxing hidden api policy
[38;5;39m[2a48571a][0m[38;5;229m[ADB][0m Using 'aapt2.exe' from 'C:\Users\Albar\AppData\Local\Android\Sdk\build-tools\36.0.0\aapt2.exe'
[38;5;39m[2a48571a][0m[38;5;229m[ADB][0m Package name: 'com.google.android.calculator'
[38;5;39m[2a48571a][0m[38;5;229m[ADB][0m Main activity name: 'com.android.calculator2.Calculator'
[38;5;39m[2a48571a][0m[38;5;229m[ADB][0m Using 'apksigner.jar' from 'C:\Users\Albar\AppData\Local\Android\Sdk\build-tools\36.0.0\lib\apksigner.jar'
[38;5;39m[2a48571a][0m[38;5;-89m[AndroidUiautomator2Driver@8950][0m Server packages are not going to be (re)installed
[38;5;39m[2a48571a][0m[38;5;229m[ADB][0m Adding packages ["io.appium.settings","io.appium.uiautomator2.server","io.appium.uiautomator2.server.test"] to Doze whitelist
[38;5;39m[2a48571a][0m[38;5;229m[ADB][0m 'C:\KatalonProject\EduApp\apkdemoeduwork\Calculator_v8.1 (403424005)_apkpure.com.apk' is signed with a non-default certificate
[38;5;39m[2a48571a][0m[38;5;229m[ADB][0m The application at 'C:\KatalonProject\EduApp\apkdemoeduwork\Calculator_v8.1 (403424005)_apkpure.com.apk' will not be cached, because the device under test has confirmed the support of streamed installs
[38;5;39m[2a48571a][0m[38;5;229m[ADB][0m The installation of 'Calculator_v8.1 (403424005)_apkpure.com.apk' took 2372ms
[38;5;39m[2a48571a][0m[38;5;-89m[AndroidUiautomator2Driver@8950][0m Starting UIAutomator2 server 7.4.1
[38;5;39m[2a48571a][0m[38;5;-89m[AndroidUiautomator2Driver@8950][0m Using UIAutomator2 server from 'C:\Users\Albar\.appium\node_modules\appium-uiautomator2-driver\node_modules\appium-uiautomator2-server\apks\appium-uiautomator2-server-v7.4.1.apk' and test from 'C:\Users\Albar\.appium\node_modules\appium-uiautomator2-driver\node_modules\appium-uiautomator2-server\apks\appium-uiautomator2-server-debug-androidTest.apk'
[38;5;39m[2a48571a][0m[38;5;-89m[AndroidUiautomator2Driver@8950][0m Waiting up to 30000ms for UiAutomator2 to be online...
[38;5;39m[2a48571a][0m[38;5;-89m[AndroidUiautomator2Driver@8950][0m socket hang up
[38;5;39m[2a48571a][0m[38;5;-89m[AndroidUiautomator2Driver@8950][0m socket hang up
[38;5;39m[2a48571a][0m[38;5;-89m[AndroidUiautomator2Driver@8950][0m Determined the downstream protocol as 'W3C'
[38;5;39m[2a48571a][0m[38;5;-89m[AndroidUiautomator2Driver@8950][0m Screen already unlocked, doing nothing
[38;5;39m[2a48571a][0m[38;5;-89m[AndroidUiautomator2Driver@8950][0m Starting 'com.google.android.calculator/com.android.calculator2.Calculator' and waiting for 'com.google.android.calculator/com.android.calculator2.Calculator'
[38;5;39m[2a48571a][0m[38;5;41m[AppiumDriver@a880][0m New AndroidUiautomator2Driver session created successfully, session 2a48571a-5d81-4c75-bd69-17f8b8b92018 added to master session list
[38;5;39m[2a48571a][0m[38;5;86m[HTTP][0m [37m<-- POST /wd/hub/session [39m[32m200[39m [90m10162 ms - 1322[39m [90m[39m
[38;5;86m[HTTP][0m [37m-->[39m [37mGET[39m [37m/wd/hub/status[39m [90m{}[39m
[38;5;86m[HTTP][0m [37m<-- GET /wd/hub/status [39m[32m200[39m [90m1 ms - 200[39m [90m[39m
[38;5;39m[2a48571a][0m[38;5;86m[HTTP][0m [37m-->[39m [37mPOST[39m [37m/wd/hub/session/2a48571a-5d81-4c75-bd69-17f8b8b92018/timeouts[39m [90m{"implicit":60000}[39m
[38;5;39m[2a48571a][0m[38;5;86m[HTTP][0m [37m<-- POST /wd/hub/session/2a48571a-5d81-4c75-bd69-17f8b8b92018/timeouts [39m[32m200[39m [90m4 ms - 14[39m [90m[39m
[38;5;39m[2a48571a][0m[38;5;86m[HTTP][0m [37m-->[39m [37mGET[39m [37m/wd/hub/session/2a48571a-5d81-4c75-bd69-17f8b8b92018/source[39m [90m{}[39m
[38;5;39m[2a48571a][0m[38;5;-89m[AndroidUiautomator2Driver@8950][0m Driver proxy active, passing request on via HTTP proxy
[38;5;39m[2a48571a][0m[38;5;-89m[AndroidUiautomator2Driver@8950][0m Replacing sessionId 5aefc499-9b66-4b05-8f5d-a795d5ff7cca with 2a48571a-5d81-4c75-bd69-17f8b8b92018
[38;5;39m[2a48571a][0m[38;5;86m[HTTP][0m [37m<-- GET /wd/hub/session/2a48571a-5d81-4c75-bd69-17f8b8b92018/source [39m[32m200[39m [90m822 ms - 30756[39m [90m[39m
[38;5;39m[2a48571a][0m[38;5;86m[HTTP][0m [37m-->[39m [37mGET[39m [37m/wd/hub/session/2a48571a-5d81-4c75-bd69-17f8b8b92018/screenshot[39m [90m{}[39m
[38;5;39m[2a48571a][0m[38;5;86m[HTTP][0m [37m<-- GET /wd/hub/session/2a48571a-5d81-4c75-bd69-17f8b8b92018/screenshot [39m[32m200[39m [90m399 ms - 163528[39m [90m[39m
[38;5;39m[2a48571a][0m[38;5;86m[HTTP][0m [37m-->[39m [37mGET[39m [37m/wd/hub/session/2a48571a-5d81-4c75-bd69-17f8b8b92018/source[39m [90m{}[39m
[38;5;39m[2a48571a][0m[38;5;-89m[AndroidUiautomator2Driver@8950][0m Driver proxy active, passing request on via HTTP proxy
[38;5;39m[2a48571a][0m[38;5;-89m[AndroidUiautomator2Driver@8950][0m Replacing sessionId 5aefc499-9b66-4b05-8f5d-a795d5ff7cca with 2a48571a-5d81-4c75-bd69-17f8b8b92018
[38;5;39m[2a48571a][0m[38;5;86m[HTTP][0m [37m<-- GET /wd/hub/session/2a48571a-5d81-4c75-bd69-17f8b8b92018/source [39m[32m200[39m [90m260 ms - 13745[39m [90m[39m
[38;5;39m[2a48571a][0m[38;5;86m[HTTP][0m [37m-->[39m [37mGET[39m [37m/wd/hub/session/2a48571a-5d81-4c75-bd69-17f8b8b92018/screenshot[39m [90m{}[39m
[38;5;39m[2a48571a][0m[38;5;86m[HTTP][0m [37m<-- GET /wd/hub/session/2a48571a-5d81-4c75-bd69-17f8b8b92018/screenshot [39m[32m200[39m [90m426 ms - 186336[39m [90m[39m
[38;5;39m[2a48571a][0m[38;5;86m[HTTP][0m [37m-->[39m [37mGET[39m [37m/wd/hub/session/2a48571a-5d81-4c75-bd69-17f8b8b92018/source[39m [90m{}[39m
[38;5;39m[2a48571a][0m[38;5;-89m[AndroidUiautomator2Driver@8950][0m Driver proxy active, passing request on via HTTP proxy
[38;5;39m[2a48571a][0m[38;5;-89m[AndroidUiautomator2Driver@8950][0m Replacing sessionId 5aefc499-9b66-4b05-8f5d-a795d5ff7cca with 2a48571a-5d81-4c75-bd69-17f8b8b92018
[38;5;39m[2a48571a][0m[38;5;86m[HTTP][0m [37m<-- GET /wd/hub/session/2a48571a-5d81-4c75-bd69-17f8b8b92018/source [39m[32m200[39m [90m280 ms - 14040[39m [90m[39m
[38;5;39m[2a48571a][0m[38;5;86m[HTTP][0m [37m-->[39m [37mGET[39m [37m/wd/hub/session/2a48571a-5d81-4c75-bd69-17f8b8b92018/screenshot[39m [90m{}[39m
[38;5;39m[2a48571a][0m[38;5;86m[HTTP][0m [37m<-- GET /wd/hub/session/2a48571a-5d81-4c75-bd69-17f8b8b92018/screenshot [39m[32m200[39m [90m396 ms - 148080[39m [90m[39m
[38;5;39m[2a48571a][0m[38;5;86m[HTTP][0m [37m-->[39m [37mGET[39m [37m/wd/hub/session/2a48571a-5d81-4c75-bd69-17f8b8b92018/source[39m [90m{}[39m
[38;5;39m[2a48571a][0m[38;5;-89m[AndroidUiautomator2Driver@8950][0m Driver proxy active, passing request on via HTTP proxy
[38;5;39m[2a48571a][0m[38;5;-89m[AndroidUiautomator2Driver@8950][0m Replacing sessionId 5aefc499-9b66-4b05-8f5d-a795d5ff7cca with 2a48571a-5d81-4c75-bd69-17f8b8b92018
[38;5;39m[2a48571a][0m[38;5;86m[HTTP][0m [37m<-- GET /wd/hub/session/2a48571a-5d81-4c75-bd69-17f8b8b92018/source [39m[32m200[39m [90m91 ms - 14040[39m [90m[39m
[38;5;39m[2a48571a][0m[38;5;86m[HTTP][0m [37m-->[39m [37mGET[39m [37m/wd/hub/session/2a48571a-5d81-4c75-bd69-17f8b8b92018/screenshot[39m [90m{}[39m
[38;5;39m[2a48571a][0m[38;5;86m[HTTP][0m [37m<-- GET /wd/hub/session/2a48571a-5d81-4c75-bd69-17f8b8b92018/screenshot [39m[32m200[39m [90m391 ms - 147268[39m [90m[39m
[38;5;39m[2a48571a][0m[38;5;86m[HTTP][0m [37m-->[39m [37mDELETE[39m [37m/wd/hub/session/2a48571a-5d81-4c75-bd69-17f8b8b92018[39m [90m{}[39m
[38;5;39m[2a48571a][0m[38;5;41m[AppiumDriver@a880][0m Removing session 2a48571a-5d81-4c75-bd69-17f8b8b92018 from our master session list
[38;5;39m[2a48571a][0m[38;5;-89m[AndroidUiautomator2Driver@8950][0m Restoring hidden api policy to the device default configuration
[38;5;39m[2a48571a][0m[38;5;86m[HTTP][0m [37m<-- DELETE /wd/hub/session/2a48571a-5d81-4c75-bd69-17f8b8b92018 [39m[32m200[39m [90m621 ms - 14[39m [90m[39m
